Login_CRUD/app/build/intermediates/manifest_merge_blame_file/debug/manifest-merger-blame-debug-report.txt
1<?xml version="1.0" encoding="utf-8"?>
2<manifest xmlns:android="http://schemas.android.com/apk/res/android"
3    package="com.example.login_crud"
4    android:versionCode="1"
5    android:versionName="1.0" >
6
7    <uses-sdk
8        android:minSdkVersion="16"
8-->src\main\AndroidManifest.xml
9        android:targetSdkVersion="30" />
9-->src\main\AndroidManifest.xml
10
11    <!-- Although the *SdkVersion is captured in gradle build files, this is required for non gradle builds -->
12    <!-- <uses-sdk android:minSdkVersion="14" /> -->
13    <uses-permission android:name="android.permission.ACCESS_NETWORK_STATE" />
13-->[com.google.firebase:firebase-firestore:22.1.2] AndroidManifest.xml:13:5-79
13-->[com.google.firebase:firebase-firestore:22.1.2] AndroidManifest.xml:13:22-76
14    <uses-permission android:name="android.permission.INTERNET" />
14-->[com.google.firebase:firebase-firestore:22.1.2] AndroidManifest.xml:14:5-67
14-->[com.google.firebase:firebase-firestore:22.1.2] AndroidManifest.xml:14:22-64
15
16    <application
16-->src\main\AndroidManifest.xml:5:5-19:19
17        android:allowBackup="true"
17-->src\main\AndroidManifest.xml:6:9-35
18        android:appComponentFactory="androidx.core.app.CoreComponentFactory"
18-->[androidx.core:core:1.3.1] AndroidManifest.xml:24:18-86
19        android:debuggable="true"
20        android:icon="@mipmap/ic_launcher"
20-->src\main\AndroidManifest.xml:7:9-43
21        android:label="@string/app_name"
21-->src\main\AndroidManifest.xml:8:9-41
22        android:roundIcon="@mipmap/ic_launcher_round"
22-->src\main\AndroidManifest.xml:9:9-54
23        android:supportsRtl="true"
23-->src\main\AndroidManifest.xml:10:9-35
24        android:testOnly="true"
25        android:theme="@style/Theme.Login_CRUD" >
25-->src\main\AndroidManifest.xml:11:9-48
26        <activity android:name="com.example.login_crud.MainActivity" >
26-->src\main\AndroidManifest.xml:12:9-18:20
26-->src\main\AndroidManifest.xml:12:19-47
27            <intent-filter>
27-->src\main\AndroidManifest.xml:13:13-17:29
28                <action android:name="android.intent.action.MAIN" />
28-->src\main\AndroidManifest.xml:14:17-69
28-->src\main\AndroidManifest.xml:14:25-66
29
30                <category android:name="android.intent.category.LAUNCHER" />
30-->src\main\AndroidManifest.xml:16:17-77
30-->src\main\AndroidManifest.xml:16:27-74
31            </intent-filter>
32        </activity>
33
34        <service
34-->[com.google.firebase:firebase-firestore:22.1.2] AndroidManifest.xml:17:9-23:19
35            android:name="com.google.firebase.components.ComponentDiscoveryService"
35-->[com.google.firebase:firebase-firestore:22.1.2] AndroidManifest.xml:18:13-84
36            android:directBootAware="true"
36-->[com.google.firebase:firebase-common:19.5.0] AndroidManifest.xml:35:13-43
37            android:exported="false" >
37-->[com.google.firebase:firebase-firestore:22.1.2] AndroidManifest.xml:19:13-37
38            <meta-data
38-->[com.google.firebase:firebase-firestore:22.1.2] AndroidManifest.xml:20:13-22:85
39                android:name="com.google.firebase.components:com.google.firebase.firestore.FirestoreRegistrar"
39-->[com.google.firebase:firebase-firestore:22.1.2] AndroidManifest.xml:21:17-111
40                android:value="com.google.firebase.components.ComponentRegistrar" />
40-->[com.google.firebase:firebase-firestore:22.1.2] AndroidManifest.xml:22:17-82
41            <meta-data
41-->[com.google.firebase:firebase-auth:20.0.4] AndroidManifest.xml:77:13-79:85
42                android:name="com.google.firebase.components:com.google.firebase.auth.FirebaseAuthRegistrar"
42-->[com.google.firebase:firebase-auth:20.0.4] AndroidManifest.xml:78:17-109
43                android:value="com.google.firebase.components.ComponentRegistrar" />
43-->[com.google.firebase:firebase-auth:20.0.4] AndroidManifest.xml:79:17-82
44            <!--
45                This registrar is not defined in the dynamic-module-support sdk itself to allow non-firebase
46                clients to use it as well, by defining this registrar in their own core/common library.
47            -->
48            <meta-data
48-->[com.google.firebase:firebase-common:19.5.0] AndroidManifest.xml:43:13-45:85
49                android:name="com.google.firebase.components:com.google.firebase.dynamicloading.DynamicLoadingRegistrar"
49-->[com.google.firebase:firebase-common:19.5.0] AndroidManifest.xml:44:17-121
50                android:value="com.google.firebase.components.ComponentRegistrar" />
50-->[com.google.firebase:firebase-common:19.5.0] AndroidManifest.xml:45:17-82
51        </service>
52
53        <activity
53-->[com.google.firebase:firebase-auth:20.0.4] AndroidManifest.xml:27:9-44:20
54            android:name="com.google.firebase.auth.internal.GenericIdpActivity"
54-->[com.google.firebase:firebase-auth:20.0.4] AndroidManifest.xml:28:13-80
55            android:excludeFromRecents="true"
55-->[com.google.firebase:firebase-auth:20.0.4] AndroidManifest.xml:29:13-46
56            android:exported="true"
56-->[com.google.firebase:firebase-auth:20.0.4] AndroidManifest.xml:30:13-36
57            android:launchMode="singleTask"
57-->[com.google.firebase:firebase-auth:20.0.4] AndroidManifest.xml:31:13-44
58            android:theme="@android:style/Theme.Translucent.NoTitleBar" >
58-->[com.google.firebase:firebase-auth:20.0.4] AndroidManifest.xml:32:13-72
59            <intent-filter>
59-->[com.google.firebase:firebase-auth:20.0.4] AndroidManifest.xml:33:13-43:29
60                <action android:name="android.intent.action.VIEW" />
60-->[com.google.firebase:firebase-auth:20.0.4] AndroidManifest.xml:34:17-69
60-->[com.google.firebase:firebase-auth:20.0.4] AndroidManifest.xml:34:25-66
61
62                <category android:name="android.intent.category.DEFAULT" />
62-->[com.google.firebase:firebase-auth:20.0.4] AndroidManifest.xml:36:17-76
62-->[com.google.firebase:firebase-auth:20.0.4] AndroidManifest.xml:36:27-73
63                <category android:name="android.intent.category.BROWSABLE" />
63-->[com.google.firebase:firebase-auth:20.0.4] AndroidManifest.xml:37:17-78
63-->[com.google.firebase:firebase-auth:20.0.4] AndroidManifest.xml:37:27-75
64
65                <data
65-->[com.google.firebase:firebase-auth:20.0.4] AndroidManifest.xml:39:17-42:51
66                    android:host="firebase.auth"
66-->[com.google.firebase:firebase-auth:20.0.4] AndroidManifest.xml:40:21-49
67                    android:path="/"
67-->[com.google.firebase:firebase-auth:20.0.4] AndroidManifest.xml:41:21-37
68                    android:scheme="genericidp" />
68-->[com.google.firebase:firebase-auth:20.0.4] AndroidManifest.xml:42:21-48
69            </intent-filter>
70        </activity>
71        <activity
71-->[com.google.firebase:firebase-auth:20.0.4] AndroidManifest.xml:45:9-62:20
72            android:name="com.google.firebase.auth.internal.RecaptchaActivity"
72-->[com.google.firebase:firebase-auth:20.0.4] AndroidManifest.xml:46:13-79
73            android:excludeFromRecents="true"
73-->[com.google.firebase:firebase-auth:20.0.4] AndroidManifest.xml:47:13-46
74            android:exported="true"
74-->[com.google.firebase:firebase-auth:20.0.4] AndroidManifest.xml:48:13-36
75            android:launchMode="singleTask"
75-->[com.google.firebase:firebase-auth:20.0.4] AndroidManifest.xml:49:13-44
76            android:theme="@android:style/Theme.Translucent.NoTitleBar" >
76-->[com.google.firebase:firebase-auth:20.0.4] AndroidManifest.xml:50:13-72
77            <intent-filter>
77-->[com.google.firebase:firebase-auth:20.0.4] AndroidManifest.xml:51:13-61:29
78                <action android:name="android.intent.action.VIEW" />
78-->[com.google.firebase:firebase-auth:20.0.4] AndroidManifest.xml:34:17-69
78-->[com.google.firebase:firebase-auth:20.0.4] AndroidManifest.xml:34:25-66
79
80                <category android:name="android.intent.category.DEFAULT" />
80-->[com.google.firebase:firebase-auth:20.0.4] AndroidManifest.xml:36:17-76
80-->[com.google.firebase:firebase-auth:20.0.4] AndroidManifest.xml:36:27-73
81                <category android:name="android.intent.category.BROWSABLE" />
81-->[com.google.firebase:firebase-auth:20.0.4] AndroidManifest.xml:37:17-78
81-->[com.google.firebase:firebase-auth:20.0.4] AndroidManifest.xml:37:27-75
82
83                <data
83-->[com.google.firebase:firebase-auth:20.0.4] AndroidManifest.xml:39:17-42:51
84                    android:host="firebase.auth"
84-->[com.google.firebase:firebase-auth:20.0.4] AndroidManifest.xml:40:21-49
85                    android:path="/"
85-->[com.google.firebase:firebase-auth:20.0.4] AndroidManifest.xml:41:21-37
86                    android:scheme="recaptcha" />
86-->[com.google.firebase:firebase-auth:20.0.4] AndroidManifest.xml:42:21-48
87            </intent-filter>
88        </activity>
89
90        <service
90-->[com.google.firebase:firebase-auth:20.0.4] AndroidManifest.xml:64:9-73:19
91            android:name="com.google.firebase.auth.api.fallback.service.FirebaseAuthFallbackService"
91-->[com.google.firebase:firebase-auth:20.0.4] AndroidManifest.xml:65:13-101
92            android:enabled="true"
92-->[com.google.firebase:firebase-auth:20.0.4] AndroidManifest.xml:66:13-35
93            android:exported="false" >
93-->[com.google.firebase:firebase-auth:20.0.4] AndroidManifest.xml:67:13-37
94            <intent-filter>
94-->[com.google.firebase:firebase-auth:20.0.4] AndroidManifest.xml:68:13-72:29
95                <action android:name="com.google.firebase.auth.api.gms.service.START" />
95-->[com.google.firebase:firebase-auth:20.0.4] AndroidManifest.xml:69:17-89
95-->[com.google.firebase:firebase-auth:20.0.4] AndroidManifest.xml:69:25-86
96
97                <category android:name="android.intent.category.DEFAULT" />
97-->[com.google.firebase:firebase-auth:20.0.4] AndroidManifest.xml:36:17-76
97-->[com.google.firebase:firebase-auth:20.0.4] AndroidManifest.xml:36:27-73
98            </intent-filter>
99        </service>
100
101        <provider
101-->[com.google.firebase:firebase-common:19.5.0] AndroidManifest.xml:26:9-31:39
102            android:name="com.google.firebase.provider.FirebaseInitProvider"
102-->[com.google.firebase:firebase-common:19.5.0] AndroidManifest.xml:27:13-77
103            android:authorities="com.example.login_crud.firebaseinitprovider"
103-->[com.google.firebase:firebase-common:19.5.0] AndroidManifest.xml:28:13-72
104            android:directBootAware="true"
104-->[com.google.firebase:firebase-common:19.5.0] AndroidManifest.xml:29:13-43
105            android:exported="false"
105-->[com.google.firebase:firebase-common:19.5.0] AndroidManifest.xml:30:13-37
106            android:initOrder="100" />
106-->[com.google.firebase:firebase-common:19.5.0] AndroidManifest.xml:31:13-36
107
108        <activity
108-->[com.google.android.gms:play-services-base:17.1.0] AndroidManifest.xml:23:9-26:75
109            android:name="com.google.android.gms.common.api.GoogleApiActivity"
109-->[com.google.android.gms:play-services-base:17.1.0] AndroidManifest.xml:24:13-79
110            android:exported="false"
110-->[com.google.android.gms:play-services-base:17.1.0] AndroidManifest.xml:25:13-37
111            android:theme="@android:style/Theme.Translucent.NoTitleBar" />
111-->[com.google.android.gms:play-services-base:17.1.0] AndroidManifest.xml:26:13-72
112
113        <meta-data
113-->[com.google.android.gms:play-services-basement:17.1.0] AndroidManifest.xml:23:9-25:69
114            android:name="com.google.android.gms.version"
114-->[com.google.android.gms:play-services-basement:17.1.0] AndroidManifest.xml:24:13-58
115            android:value="@integer/google_play_services_version" />
115-->[com.google.android.gms:play-services-basement:17.1.0] AndroidManifest.xml:25:13-66
116    </application>
117
118</manifest>